Vivado Simulator v2022.2
Copyright 1986-1999, 2001-2022 Xilinx, Inc. All Rights Reserved.
Running: /tools/Xilinx/Vivado/2022.2/bin/unwrapped/lnx64.o/xelab --incr --debug typical --relax --mt 8 -L xil_defaultlib -L lib_pkg_v1_0_2 -L lib_srl_fifo_v1_0_2 -L axi_master_burst_v2_0_7 -L uvm -L xilinx_vip -L unisims_ver -L unimacro_ver -L secureip -L xpm --snapshot axi_fifo2_behav xil_defaultlib.axi_fifo2 xil_defaultlib.glbl -log elaborate.log 
Using 8 slave threads.
Starting static elaboration
Pass Through NonSizing Optimizer
Completed static elaboration
Starting simulation data flow analysis
Completed simulation data flow analysis
Time Resolution for simulation is 1ps
Compiling package std.standard
Compiling package std.textio
Compiling package ieee.std_logic_1164
Compiling package ieee.numeric_std
Compiling package ieee.std_logic_arith
Compiling package ieee.std_logic_unsigned
Compiling package lib_pkg_v1_0_2.lib_pkg
Compiling module xil_defaultlib.glbl
Compiling architecture behavioral of entity xil_defaultlib.axi_fifo_n2 [\axi_fifo_n2(0,31)\]
Compiling architecture implementation of entity axi_master_burst_v2_0_7.axi_master_burst_reset [axi_master_burst_reset_default]
Compiling architecture implementation of entity axi_master_burst_v2_0_7.axi_master_burst_first_stb_offset [\axi_master_burst_first_stb_offs...]
Compiling architecture implementation of entity axi_master_burst_v2_0_7.axi_master_burst_stbs_set [\axi_master_burst_stbs_set(c_str...]
Compiling architecture implementation of entity axi_master_burst_v2_0_7.axi_master_burst_cmd_status [\axi_master_burst_cmd_status(c_f...]
Compiling architecture implementation of entity axi_master_burst_v2_0_7.axi_master_burst_strb_gen [\axi_master_burst_strb_gen(c_str...]
Compiling architecture implementation of entity axi_master_burst_v2_0_7.axi_master_burst_strb_gen [\axi_master_burst_strb_gen(c_add...]
Compiling architecture implementation of entity axi_master_burst_v2_0_7.axi_master_burst_pcc [\axi_master_burst_pcc(c_dre_alig...]
Compiling architecture implementation of entity axi_master_burst_v2_0_7.axi_master_burst_addr_cntl [\axi_master_burst_addr_cntl(c_ad...]
Compiling architecture implementation of entity axi_master_burst_v2_0_7.axi_master_burst_rdmux [\axi_master_burst_rdmux(c_sel_ad...]
Compiling architecture implementation of entity axi_master_burst_v2_0_7.axi_master_burst_rddata_cntl [\axi_master_burst_rddata_cntl(c_...]
Compiling architecture implementation of entity axi_master_burst_v2_0_7.axi_master_burst_rd_status_cntl [axi_master_burst_rd_status_cntl_...]
Compiling architecture implementation of entity axi_master_burst_v2_0_7.axi_master_burst_skid_buf [axi_master_burst_skid_buf_defaul...]
Compiling architecture implementation of entity axi_master_burst_v2_0_7.axi_master_burst_wrdata_cntl [\axi_master_burst_wrdata_cntl(c_...]
Compiling architecture behavioral of entity lib_srl_fifo_v1_0_2.dynshreg_f [\dynshreg_f(c_depth=3,c_dwidth=7...]
Compiling architecture imp of entity lib_srl_fifo_v1_0_2.srl_fifo_rbu_f [\srl_fifo_rbu_f(c_dwidth=7,c_dep...]
Compiling architecture imp of entity lib_srl_fifo_v1_0_2.srl_fifo_f [\srl_fifo_f(c_dwidth=7,c_depth=3...]
Compiling architecture imp of entity axi_master_burst_v2_0_7.axi_master_burst_fifo [\axi_master_burst_fifo(c_dwidth=...]
Compiling architecture imp of entity lib_srl_fifo_v1_0_2.cntr_incr_decr_addn_f [\cntr_incr_decr_addn_f(c_size=3,...]
Compiling architecture behavioral of entity lib_srl_fifo_v1_0_2.dynshreg_f [\dynshreg_f(c_depth=3,c_dwidth=2...]
Compiling architecture imp of entity lib_srl_fifo_v1_0_2.srl_fifo_rbu_f [\srl_fifo_rbu_f(c_dwidth=2,c_dep...]
Compiling architecture imp of entity lib_srl_fifo_v1_0_2.srl_fifo_f [\srl_fifo_f(c_dwidth=2,c_depth=3...]
Compiling architecture imp of entity axi_master_burst_v2_0_7.axi_master_burst_fifo [\axi_master_burst_fifo(c_dwidth=...]
Compiling architecture implementation of entity axi_master_burst_v2_0_7.axi_master_burst_wr_status_cntl [\axi_master_burst_wr_status_cntl...]
Compiling architecture implementation of entity axi_master_burst_v2_0_7.axi_master_burst_wr_demux [\axi_master_burst_wr_demux(c_sel...]
Compiling architecture implementation of entity axi_master_burst_v2_0_7.axi_master_burst_skid2mm_buf [\axi_master_burst_skid2mm_buf(c_...]
Compiling architecture implementation of entity axi_master_burst_v2_0_7.axi_master_burst_rd_wr_cntlr [\axi_master_burst_rd_wr_cntlr(c_...]
Compiling architecture implementation of entity axi_master_burst_v2_0_7.axi_master_burst_rd_llink [axi_master_burst_rd_llink_defaul...]
Compiling architecture implementation of entity axi_master_burst_v2_0_7.axi_master_burst_wr_llink [axi_master_burst_wr_llink_defaul...]
Compiling architecture implementation of entity axi_master_burst_v2_0_7.axi_master_burst [\axi_master_burst(c_family="zynq...]
Compiling architecture simulation of entity xil_defaultlib.axi_fifo2
Built simulation snapshot axi_fifo2_behav
