Vivado Simulator v2022.2
Copyright 1986-1999, 2001-2022 Xilinx, Inc. All Rights Reserved.
Running: /tools/Xilinx/Vivado/2022.2/bin/unwrapped/lnx64.o/xelab --incr --debug typical --relax --mt 8 -L xil_defaultlib -L lib_pkg_v1_0_2 -L lib_srl_fifo_v1_0_2 -L axi_master_burst_v2_0_7 -L axi_infrastructure_v1_1_0 -L axi_vip_v1_1_13 -L processing_system7_vip_v1_0_15 -L lib_cdc_v1_0_2 -L proc_sys_reset_v5_0_13 -L gigantic_mux -L xlconcat_v2_1_4 -L generic_baseblocks_v2_1_0 -L fifo_generator_v13_2_7 -L axi_data_fifo_v2_1_26 -L axi_register_slice_v2_1_27 -L axi_protocol_converter_v2_1_27 -L uvm -L xilinx_vip -L unisims_ver -L unimacro_ver -L secureip -L xpm --snapshot design_1_wrapper_behav xil_defaultlib.design_1_wrapper xil_defaultlib.glbl -log elaborate.log 
Using 8 slave threads.
Starting static elaboration
Pass Through NonSizing Optimizer
WARNING: [VRFC 10-9180] module 'axi_data_fifo_v2_1_26_axic_fifo' is instantiated multiple times from VHDL or from both Verilog and VHDL; elaboration result may be incorrect [/wrk/ci/prod/2022.2/sw/continuous/3508/packages/customer/vivado/data/ip/xilinx/axi_data_fifo_v2_1/hdl/axi_data_fifo_v2_1_vl_rfs.v:63]
WARNING: [VRFC 10-3091] actual bit length 128 differs from formal bit length 64 for port 'WR_DATA_STRB' [/scratch/proj/xbuilds/SWIP/2022.2_1014_8888/infra/XSIM/lin/.cxl.ip/incl/processing_system7_vip_v1_0_15_axi_gp.v:208]
WARNING: [VRFC 10-3091] actual bit length 12 differs from formal bit length 6 for port 'm_axi_bid' [/wrk/ci/prod/2022.2/sw/continuous/3508/packages/customer/vivado/data/ip/xilinx/processing_system7_vip_v1_0/hdl/processing_system7_vip_v1_0_vl_rfs.sv:5546]
WARNING: [VRFC 10-3091] actual bit length 12 differs from formal bit length 6 for port 'm_axi_rid' [/wrk/ci/prod/2022.2/sw/continuous/3508/packages/customer/vivado/data/ip/xilinx/processing_system7_vip_v1_0/hdl/processing_system7_vip_v1_0_vl_rfs.sv:5564]
WARNING: [VRFC 10-3091] actual bit length 128 differs from formal bit length 64 for port 'WR_DATA_STRB' [/scratch/proj/xbuilds/SWIP/2022.2_1014_8888/infra/XSIM/lin/.cxl.ip/incl/processing_system7_vip_v1_0_15_axi_gp.v:292]
WARNING: [VRFC 10-3091] actual bit length 128 differs from formal bit length 64 for port 'WR_DATA_STRB' [/scratch/proj/xbuilds/SWIP/2022.2_1014_8888/infra/XSIM/lin/.cxl.ip/incl/processing_system7_vip_v1_0_15_axi_hp.v:78]
WARNING: [VRFC 10-3091] actual bit length 8 differs from formal bit length 9 for port 'WR_BYTES' [/scratch/proj/xbuilds/SWIP/2022.2_1014_8888/infra/XSIM/lin/.cxl.ip/incl/processing_system7_vip_v1_0_15_axi_hp.v:80]
WARNING: [VRFC 10-3091] actual bit length 8 differs from formal bit length 9 for port 'RD_BYTES' [/scratch/proj/xbuilds/SWIP/2022.2_1014_8888/infra/XSIM/lin/.cxl.ip/incl/processing_system7_vip_v1_0_15_axi_hp.v:89]
WARNING: [VRFC 10-3091] actual bit length 12 differs from formal bit length 6 for port 'm_axi_bid' [/wrk/ci/prod/2022.2/sw/continuous/3508/packages/customer/vivado/data/ip/xilinx/processing_system7_vip_v1_0/hdl/processing_system7_vip_v1_0_vl_rfs.sv:10256]
WARNING: [VRFC 10-3091] actual bit length 12 differs from formal bit length 6 for port 'm_axi_rid' [/wrk/ci/prod/2022.2/sw/continuous/3508/packages/customer/vivado/data/ip/xilinx/processing_system7_vip_v1_0/hdl/processing_system7_vip_v1_0_vl_rfs.sv:10274]
WARNING: [VRFC 10-3091] actual bit length 8 differs from formal bit length 9 for port 'WR_BYTES' [/scratch/proj/xbuilds/SWIP/2022.2_1014_8888/infra/XSIM/lin/.cxl.ip/incl/processing_system7_vip_v1_0_15_axi_hp.v:165]
WARNING: [VRFC 10-3091] actual bit length 8 differs from formal bit length 9 for port 'RD_BYTES' [/scratch/proj/xbuilds/SWIP/2022.2_1014_8888/infra/XSIM/lin/.cxl.ip/incl/processing_system7_vip_v1_0_15_axi_hp.v:174]
WARNING: [VRFC 10-3091] actual bit length 32 differs from formal bit length 64 for port 'm_axi_rdata' [/wrk/ci/prod/2022.2/sw/continuous/3508/packages/customer/vivado/data/ip/xilinx/processing_system7_vip_v1_0/hdl/processing_system7_vip_v1_0_vl_rfs.sv:10275]
WARNING: [VRFC 10-3091] actual bit length 8 differs from formal bit length 9 for port 'WR_BYTES' [/scratch/proj/xbuilds/SWIP/2022.2_1014_8888/infra/XSIM/lin/.cxl.ip/incl/processing_system7_vip_v1_0_15_axi_hp.v:251]
WARNING: [VRFC 10-3091] actual bit length 8 differs from formal bit length 9 for port 'RD_BYTES' [/scratch/proj/xbuilds/SWIP/2022.2_1014_8888/infra/XSIM/lin/.cxl.ip/incl/processing_system7_vip_v1_0_15_axi_hp.v:260]
WARNING: [VRFC 10-3091] actual bit length 8 differs from formal bit length 9 for port 'WR_BYTES' [/scratch/proj/xbuilds/SWIP/2022.2_1014_8888/infra/XSIM/lin/.cxl.ip/incl/processing_system7_vip_v1_0_15_axi_hp.v:337]
WARNING: [VRFC 10-3091] actual bit length 8 differs from formal bit length 9 for port 'RD_BYTES' [/scratch/proj/xbuilds/SWIP/2022.2_1014_8888/infra/XSIM/lin/.cxl.ip/incl/processing_system7_vip_v1_0_15_axi_hp.v:346]
WARNING: [VRFC 10-3091] actual bit length 12 differs from formal bit length 3 for port 'm_axi_bid' [/wrk/ci/prod/2022.2/sw/continuous/3508/packages/customer/vivado/data/ip/xilinx/processing_system7_vip_v1_0/hdl/processing_system7_vip_v1_0_vl_rfs.sv:7157]
WARNING: [VRFC 10-3091] actual bit length 12 differs from formal bit length 3 for port 'm_axi_rid' [/wrk/ci/prod/2022.2/sw/continuous/3508/packages/customer/vivado/data/ip/xilinx/processing_system7_vip_v1_0/hdl/processing_system7_vip_v1_0_vl_rfs.sv:7175]
WARNING: [VRFC 10-3091] actual bit length 32 differs from formal bit length 64 for port 'm_axi_rdata' [/wrk/ci/prod/2022.2/sw/continuous/3508/packages/customer/vivado/data/ip/xilinx/processing_system7_vip_v1_0/hdl/processing_system7_vip_v1_0_vl_rfs.sv:7176]
WARNING: [VRFC 10-3091] actual bit length 1 differs from formal bit length 2 for port 'slot_0_axi_awid' [/home/bryan/bryan_files_echo/projects/static_delay_100-ui-ie-flat-dd/root.ip_user_files/bd/design_1/ip/design_1_system_ila_0_0/bd_0/ip/ip_1/sim/bd_f60c_g_inst_0.v:2306]
WARNING: [VRFC 10-3091] actual bit length 1 differs from formal bit length 2 for port 'slot_0_axi_bid' [/home/bryan/bryan_files_echo/projects/static_delay_100-ui-ie-flat-dd/root.ip_user_files/bd/design_1/ip/design_1_system_ila_0_0/bd_0/ip/ip_1/sim/bd_f60c_g_inst_0.v:2321]
WARNING: [VRFC 10-3091] actual bit length 1 differs from formal bit length 2 for port 'slot_0_axi_arid' [/home/bryan/bryan_files_echo/projects/static_delay_100-ui-ie-flat-dd/root.ip_user_files/bd/design_1/ip/design_1_system_ila_0_0/bd_0/ip/ip_1/sim/bd_f60c_g_inst_0.v:2325]
WARNING: [VRFC 10-3091] actual bit length 1 differs from formal bit length 2 for port 'slot_0_axi_rid' [/home/bryan/bryan_files_echo/projects/static_delay_100-ui-ie-flat-dd/root.ip_user_files/bd/design_1/ip/design_1_system_ila_0_0/bd_0/ip/ip_1/sim/bd_f60c_g_inst_0.v:2335]
WARNING: [VRFC 10-3091] actual bit length 32 differs from formal bit length 4 for port 'slot_1_axi_awcache' [/home/bryan/bryan_files_echo/projects/static_delay_100-ui-ie-flat-dd/root.ip_user_files/bd/design_1/ip/design_1_system_ila_0_0/bd_0/ip/ip_1/sim/bd_f60c_g_inst_0.v:2356]
WARNING: [VRFC 10-3091] actual bit length 32 differs from formal bit length 4 for port 'slot_1_axi_arcache' [/home/bryan/bryan_files_echo/projects/static_delay_100-ui-ie-flat-dd/root.ip_user_files/bd/design_1/ip/design_1_system_ila_0_0/bd_0/ip/ip_1/sim/bd_f60c_g_inst_0.v:2374]
WARNING: [VRFC 10-3091] actual bit length 32 differs from formal bit length 4 for port 'slot_2_axi_awcache' [/home/bryan/bryan_files_echo/projects/static_delay_100-ui-ie-flat-dd/root.ip_user_files/bd/design_1/ip/design_1_system_ila_0_0/bd_0/ip/ip_1/sim/bd_f60c_g_inst_0.v:2400]
WARNING: [VRFC 10-3091] actual bit length 32 differs from formal bit length 4 for port 'slot_2_axi_arcache' [/home/bryan/bryan_files_echo/projects/static_delay_100-ui-ie-flat-dd/root.ip_user_files/bd/design_1/ip/design_1_system_ila_0_0/bd_0/ip/ip_1/sim/bd_f60c_g_inst_0.v:2418]
WARNING: [VRFC 10-3091] actual bit length 32 differs from formal bit length 4 for port 'slot_3_axi_awcache' [/home/bryan/bryan_files_echo/projects/static_delay_100-ui-ie-flat-dd/root.ip_user_files/bd/design_1/ip/design_1_system_ila_0_0/bd_0/ip/ip_1/sim/bd_f60c_g_inst_0.v:2444]
WARNING: [VRFC 10-3091] actual bit length 32 differs from formal bit length 4 for port 'slot_3_axi_arcache' [/home/bryan/bryan_files_echo/projects/static_delay_100-ui-ie-flat-dd/root.ip_user_files/bd/design_1/ip/design_1_system_ila_0_0/bd_0/ip/ip_1/sim/bd_f60c_g_inst_0.v:2462]
WARNING: [VRFC 10-3091] actual bit length 32 differs from formal bit length 4 for port 'slot_4_axi_awcache' [/home/bryan/bryan_files_echo/projects/static_delay_100-ui-ie-flat-dd/root.ip_user_files/bd/design_1/ip/design_1_system_ila_0_0/bd_0/ip/ip_1/sim/bd_f60c_g_inst_0.v:2488]
WARNING: [VRFC 10-3091] actual bit length 32 differs from formal bit length 4 for port 'slot_4_axi_arcache' [/home/bryan/bryan_files_echo/projects/static_delay_100-ui-ie-flat-dd/root.ip_user_files/bd/design_1/ip/design_1_system_ila_0_0/bd_0/ip/ip_1/sim/bd_f60c_g_inst_0.v:2506]
WARNING: [VRFC 10-3091] actual bit length 32 differs from formal bit length 4 for port 'slot_5_axi_awcache' [/home/bryan/bryan_files_echo/projects/static_delay_100-ui-ie-flat-dd/root.ip_user_files/bd/design_1/ip/design_1_system_ila_0_0/bd_0/ip/ip_1/sim/bd_f60c_g_inst_0.v:2532]
WARNING: [VRFC 10-3091] actual bit length 32 differs from formal bit length 4 for port 'slot_5_axi_arcache' [/home/bryan/bryan_files_echo/projects/static_delay_100-ui-ie-flat-dd/root.ip_user_files/bd/design_1/ip/design_1_system_ila_0_0/bd_0/ip/ip_1/sim/bd_f60c_g_inst_0.v:2550]
WARNING: [VRFC 10-3091] actual bit length 32 differs from formal bit length 4 for port 'slot_6_axi_awcache' [/home/bryan/bryan_files_echo/projects/static_delay_100-ui-ie-flat-dd/root.ip_user_files/bd/design_1/ip/design_1_system_ila_0_0/bd_0/ip/ip_1/sim/bd_f60c_g_inst_0.v:2576]
WARNING: [VRFC 10-3091] actual bit length 32 differs from formal bit length 4 for port 'slot_6_axi_arcache' [/home/bryan/bryan_files_echo/projects/static_delay_100-ui-ie-flat-dd/root.ip_user_files/bd/design_1/ip/design_1_system_ila_0_0/bd_0/ip/ip_1/sim/bd_f60c_g_inst_0.v:2594]
WARNING: [VRFC 10-3091] actual bit length 32 differs from formal bit length 4 for port 'slot_7_axi_awcache' [/home/bryan/bryan_files_echo/projects/static_delay_100-ui-ie-flat-dd/root.ip_user_files/bd/design_1/ip/design_1_system_ila_0_0/bd_0/ip/ip_1/sim/bd_f60c_g_inst_0.v:2620]
WARNING: [VRFC 10-3091] actual bit length 32 differs from formal bit length 4 for port 'slot_7_axi_arcache' [/home/bryan/bryan_files_echo/projects/static_delay_100-ui-ie-flat-dd/root.ip_user_files/bd/design_1/ip/design_1_system_ila_0_0/bd_0/ip/ip_1/sim/bd_f60c_g_inst_0.v:2638]
WARNING: [VRFC 10-3091] actual bit length 32 differs from formal bit length 4 for port 'slot_8_axi_awcache' [/home/bryan/bryan_files_echo/projects/static_delay_100-ui-ie-flat-dd/root.ip_user_files/bd/design_1/ip/design_1_system_ila_0_0/bd_0/ip/ip_1/sim/bd_f60c_g_inst_0.v:2664]
WARNING: [VRFC 10-3091] actual bit length 32 differs from formal bit length 4 for port 'slot_8_axi_arcache' [/home/bryan/bryan_files_echo/projects/static_delay_100-ui-ie-flat-dd/root.ip_user_files/bd/design_1/ip/design_1_system_ila_0_0/bd_0/ip/ip_1/sim/bd_f60c_g_inst_0.v:2682]
WARNING: [VRFC 10-3091] actual bit length 32 differs from formal bit length 4 for port 'slot_9_axi_awcache' [/home/bryan/bryan_files_echo/projects/static_delay_100-ui-ie-flat-dd/root.ip_user_files/bd/design_1/ip/design_1_system_ila_0_0/bd_0/ip/ip_1/sim/bd_f60c_g_inst_0.v:2708]
WARNING: [VRFC 10-3091] actual bit length 3 differs from formal bit length 4 for port 'slot_9_axi_wstrb' [/home/bryan/bryan_files_echo/projects/static_delay_100-ui-ie-flat-dd/root.ip_user_files/bd/design_1/ip/design_1_system_ila_0_0/bd_0/ip/ip_1/sim/bd_f60c_g_inst_0.v:2713]
WARNING: [VRFC 10-3091] actual bit length 32 differs from formal bit length 4 for port 'slot_9_axi_arcache' [/home/bryan/bryan_files_echo/projects/static_delay_100-ui-ie-flat-dd/root.ip_user_files/bd/design_1/ip/design_1_system_ila_0_0/bd_0/ip/ip_1/sim/bd_f60c_g_inst_0.v:2726]
WARNING: [VRFC 10-3091] actual bit length 3 differs from formal bit length 4 for port 'slot_9_axis_tstrb' [/home/bryan/bryan_files_echo/projects/static_delay_100-ui-ie-flat-dd/root.ip_user_files/bd/design_1/ip/design_1_system_ila_0_0/bd_0/ip/ip_1/sim/bd_f60c_g_inst_0.v:2740]
WARNING: [VRFC 10-3091] actual bit length 3 differs from formal bit length 4 for port 'slot_9_axis_tkeep' [/home/bryan/bryan_files_echo/projects/static_delay_100-ui-ie-flat-dd/root.ip_user_files/bd/design_1/ip/design_1_system_ila_0_0/bd_0/ip/ip_1/sim/bd_f60c_g_inst_0.v:2741]
WARNING: [VRFC 10-3091] actual bit length 32 differs from formal bit length 4 for port 'slot_10_axi_awcache' [/home/bryan/bryan_files_echo/projects/static_delay_100-ui-ie-flat-dd/root.ip_user_files/bd/design_1/ip/design_1_system_ila_0_0/bd_0/ip/ip_1/sim/bd_f60c_g_inst_0.v:2752]
WARNING: [VRFC 10-3091] actual bit length 32 differs from formal bit length 4 for port 'slot_10_axi_arcache' [/home/bryan/bryan_files_echo/projects/static_delay_100-ui-ie-flat-dd/root.ip_user_files/bd/design_1/ip/design_1_system_ila_0_0/bd_0/ip/ip_1/sim/bd_f60c_g_inst_0.v:2770]
WARNING: [VRFC 10-3091] actual bit length 32 differs from formal bit length 4 for port 'slot_11_axi_awcache' [/home/bryan/bryan_files_echo/projects/static_delay_100-ui-ie-flat-dd/root.ip_user_files/bd/design_1/ip/design_1_system_ila_0_0/bd_0/ip/ip_1/sim/bd_f60c_g_inst_0.v:2796]
WARNING: [VRFC 10-3091] actual bit length 32 differs from formal bit length 4 for port 'slot_11_axi_arcache' [/home/bryan/bryan_files_echo/projects/static_delay_100-ui-ie-flat-dd/root.ip_user_files/bd/design_1/ip/design_1_system_ila_0_0/bd_0/ip/ip_1/sim/bd_f60c_g_inst_0.v:2814]
WARNING: [VRFC 10-3091] actual bit length 32 differs from formal bit length 4 for port 'slot_12_axi_awcache' [/home/bryan/bryan_files_echo/projects/static_delay_100-ui-ie-flat-dd/root.ip_user_files/bd/design_1/ip/design_1_system_ila_0_0/bd_0/ip/ip_1/sim/bd_f60c_g_inst_0.v:2840]
WARNING: [VRFC 10-3091] actual bit length 32 differs from formal bit length 4 for port 'slot_12_axi_arcache' [/home/bryan/bryan_files_echo/projects/static_delay_100-ui-ie-flat-dd/root.ip_user_files/bd/design_1/ip/design_1_system_ila_0_0/bd_0/ip/ip_1/sim/bd_f60c_g_inst_0.v:2858]
WARNING: [VRFC 10-3091] actual bit length 32 differs from formal bit length 4 for port 'slot_13_axi_awcache' [/home/bryan/bryan_files_echo/projects/static_delay_100-ui-ie-flat-dd/root.ip_user_files/bd/design_1/ip/design_1_system_ila_0_0/bd_0/ip/ip_1/sim/bd_f60c_g_inst_0.v:2884]
WARNING: [VRFC 10-3091] actual bit length 32 differs from formal bit length 4 for port 'slot_13_axi_arcache' [/home/bryan/bryan_files_echo/projects/static_delay_100-ui-ie-flat-dd/root.ip_user_files/bd/design_1/ip/design_1_system_ila_0_0/bd_0/ip/ip_1/sim/bd_f60c_g_inst_0.v:2902]
WARNING: [VRFC 10-3091] actual bit length 32 differs from formal bit length 4 for port 'slot_14_axi_awcache' [/home/bryan/bryan_files_echo/projects/static_delay_100-ui-ie-flat-dd/root.ip_user_files/bd/design_1/ip/design_1_system_ila_0_0/bd_0/ip/ip_1/sim/bd_f60c_g_inst_0.v:2928]
WARNING: [VRFC 10-3091] actual bit length 32 differs from formal bit length 4 for port 'slot_14_axi_arcache' [/home/bryan/bryan_files_echo/projects/static_delay_100-ui-ie-flat-dd/root.ip_user_files/bd/design_1/ip/design_1_system_ila_0_0/bd_0/ip/ip_1/sim/bd_f60c_g_inst_0.v:2946]
WARNING: [VRFC 10-3091] actual bit length 32 differs from formal bit length 4 for port 'slot_15_axi_awcache' [/home/bryan/bryan_files_echo/projects/static_delay_100-ui-ie-flat-dd/root.ip_user_files/bd/design_1/ip/design_1_system_ila_0_0/bd_0/ip/ip_1/sim/bd_f60c_g_inst_0.v:2972]
WARNING: [VRFC 10-3091] actual bit length 32 differs from formal bit length 4 for port 'slot_15_axi_arcache' [/home/bryan/bryan_files_echo/projects/static_delay_100-ui-ie-flat-dd/root.ip_user_files/bd/design_1/ip/design_1_system_ila_0_0/bd_0/ip/ip_1/sim/bd_f60c_g_inst_0.v:2990]
WARNING: [VRFC 10-3091] actual bit length 16 differs from formal bit length 1 for port 'sel' [/home/bryan/bryan_files_echo/projects/static_delay_100-ui-ie-flat-dd/root.ip_user_files/bd/design_1/ip/design_1_system_ila_0_0/bd_0/ip/ip_1/sim/bd_f60c_g_inst_0.v:3890]
WARNING: [VRFC 10-3091] actual bit length 1 differs from formal bit length 2 for port 'slot_0_axi_awuser' [/home/bryan/bryan_files_echo/projects/static_delay_100-ui-ie-flat-dd/root.ip_user_files/bd/design_1/ip/design_1_system_ila_0_0/bd_0/ip/ip_1/sim/bd_f60c_g_inst_0.v:3891]
WARNING: [VRFC 10-3091] actual bit length 1 differs from formal bit length 2 for port 'slot_0_axi_wuser' [/home/bryan/bryan_files_echo/projects/static_delay_100-ui-ie-flat-dd/root.ip_user_files/bd/design_1/ip/design_1_system_ila_0_0/bd_0/ip/ip_1/sim/bd_f60c_g_inst_0.v:3892]
WARNING: [VRFC 10-3091] actual bit length 1 differs from formal bit length 2 for port 'slot_0_axi_buser' [/home/bryan/bryan_files_echo/projects/static_delay_100-ui-ie-flat-dd/root.ip_user_files/bd/design_1/ip/design_1_system_ila_0_0/bd_0/ip/ip_1/sim/bd_f60c_g_inst_0.v:3893]
WARNING: [VRFC 10-3091] actual bit length 1 differs from formal bit length 2 for port 'slot_0_axi_aruser' [/home/bryan/bryan_files_echo/projects/static_delay_100-ui-ie-flat-dd/root.ip_user_files/bd/design_1/ip/design_1_system_ila_0_0/bd_0/ip/ip_1/sim/bd_f60c_g_inst_0.v:3894]
WARNING: [VRFC 10-3091] actual bit length 1 differs from formal bit length 2 for port 'slot_0_axi_ruser' [/home/bryan/bryan_files_echo/projects/static_delay_100-ui-ie-flat-dd/root.ip_user_files/bd/design_1/ip/design_1_system_ila_0_0/bd_0/ip/ip_1/sim/bd_f60c_g_inst_0.v:3895]
WARNING: [VRFC 10-3091] actual bit length 1 differs from formal bit length 2 for port 'slot_0_axi_wid' [/home/bryan/bryan_files_echo/projects/static_delay_100-ui-ie-flat-dd/root.ip_user_files/bd/design_1/ip/design_1_system_ila_0_0/bd_0/ip/ip_1/sim/bd_f60c_g_inst_0.v:4072]
WARNING: [VRFC 10-5021] port 'ENET0_GMII_RXD' is not connected on this instance [/home/bryan/bryan_files_echo/projects/static_delay_100-ui-ie-flat-dd/root.ip_user_files/bd/design_1/ip/design_1_processing_system7_0_0/sim/design_1_processing_system7_0_0.v:293]
WARNING: [VRFC 10-3027] 'ocm_wr_strb_port0' was previously declared with a different range [/wrk/ci/prod/2022.2/sw/continuous/3508/packages/customer/vivado/data/ip/xilinx/processing_system7_vip_v1_0/hdl/processing_system7_vip_v1_0_vl_rfs.sv:3809]
WARNING: [VRFC 10-3705] select index 2 into 'g7s_cc_rst_nsckt.arst_sync_wr' is out of bounds [/wrk/ci/prod/2022.2/sw/continuous/3508/packages/customer/vivado/data/ip/xilinx/fifo_generator_v13_2/simulation/fifo_generator_vlog_beh.v:4830]
WARNING: [VRFC 10-3705] select index 64 into 'wrp_strb' is out of bounds [/wrk/ci/prod/2022.2/sw/continuous/3508/packages/customer/vivado/data/ip/xilinx/processing_system7_vip_v1_0/hdl/processing_system7_vip_v1_0_vl_rfs.sv:6134]
WARNING: [VRFC 10-3705] select index 64 into 'wrp_strb' is out of bounds [/wrk/ci/prod/2022.2/sw/continuous/3508/packages/customer/vivado/data/ip/xilinx/processing_system7_vip_v1_0/hdl/processing_system7_vip_v1_0_vl_rfs.sv:10898]
WARNING: [VRFC 10-3705] select index 128 into 'wrp_strb' is out of bounds [/wrk/ci/prod/2022.2/sw/continuous/3508/packages/customer/vivado/data/ip/xilinx/processing_system7_vip_v1_0/hdl/processing_system7_vip_v1_0_vl_rfs.sv:7772]
WARNING: [VRFC 10-3705] select index 4 into 'wr_fifo_rd_ptr' is out of bounds [/wrk/ci/prod/2022.2/sw/continuous/3508/packages/customer/vivado/data/ip/xilinx/processing_system7_vip_v1_0/hdl/processing_system7_vip_v1_0_vl_rfs.sv:7985]
WARNING: [VRFC 10-3705] select index 4 into 'ar_cnt' is out of bounds [/wrk/ci/prod/2022.2/sw/continuous/3508/packages/customer/vivado/data/ip/xilinx/processing_system7_vip_v1_0/hdl/processing_system7_vip_v1_0_vl_rfs.sv:8124]
WARNING: [VRFC 10-3705] select index 4 into 'wr_rresp_cnt' is out of bounds [/wrk/ci/prod/2022.2/sw/continuous/3508/packages/customer/vivado/data/ip/xilinx/processing_system7_vip_v1_0/hdl/processing_system7_vip_v1_0_vl_rfs.sv:8221]
WARNING: [VRFC 10-3705] select index 4 into 'rd_fifo_wr_ptr' is out of bounds [/wrk/ci/prod/2022.2/sw/continuous/3508/packages/customer/vivado/data/ip/xilinx/processing_system7_vip_v1_0/hdl/processing_system7_vip_v1_0_vl_rfs.sv:8240]
WARNING: [VRFC 10-3705] select index 4 into 'rd_cnt' is out of bounds [/wrk/ci/prod/2022.2/sw/continuous/3508/packages/customer/vivado/data/ip/xilinx/processing_system7_vip_v1_0/hdl/processing_system7_vip_v1_0_vl_rfs.sv:8381]
WARNING: [VRFC 10-3705] select index 4 into 'rresp_time_cnt' is out of bounds [/wrk/ci/prod/2022.2/sw/continuous/3508/packages/customer/vivado/data/ip/xilinx/processing_system7_vip_v1_0/hdl/processing_system7_vip_v1_0_vl_rfs.sv:8386]
WARNING: [VRFC 10-3705] select index 4 into 'rd_fifo_rd_ptr' is out of bounds [/wrk/ci/prod/2022.2/sw/continuous/3508/packages/customer/vivado/data/ip/xilinx/processing_system7_vip_v1_0/hdl/processing_system7_vip_v1_0_vl_rfs.sv:8391]
Completed static elaboration
Starting simulation data flow analysis
Completed simulation data flow analysis
Time Resolution for simulation is 1ps
Compiling package std.standard
Compiling package std.textio
Compiling package ieee.std_logic_1164
Compiling package ieee.numeric_std
Compiling package unisim.vcomponents
Compiling package ieee.std_logic_arith
Compiling package ieee.std_logic_unsigned
Compiling package lib_pkg_v1_0_2.lib_pkg
Compiling package vl.vl_types
Compiling package ieee.vital_timing
Compiling package ieee.vital_primitives
Compiling package unisim.vpkg
Compiling package synopsys.attributes
Compiling package ieee.std_logic_misc
Compiling module xil_defaultlib.glbl
Compiling architecture logic of entity xil_defaultlib.i2s_transceiver [i2s_transceiver_default]
Compiling architecture behavioral of entity xil_defaultlib.axi_fifo_n3 [\axi_fifo_n3(ram_depth=101,dram_...]
Compiling architecture implementation of entity axi_master_burst_v2_0_7.axi_master_burst_reset [axi_master_burst_reset_default]
Compiling architecture implementation of entity axi_master_burst_v2_0_7.axi_master_burst_first_stb_offset [\axi_master_burst_first_stb_offs...]
Compiling architecture implementation of entity axi_master_burst_v2_0_7.axi_master_burst_stbs_set [\axi_master_burst_stbs_set(c_str...]
Compiling architecture implementation of entity axi_master_burst_v2_0_7.axi_master_burst_cmd_status [\axi_master_burst_cmd_status(c_f...]
Compiling architecture implementation of entity axi_master_burst_v2_0_7.axi_master_burst_strb_gen [\axi_master_burst_strb_gen(c_str...]
Compiling architecture implementation of entity axi_master_burst_v2_0_7.axi_master_burst_strb_gen [\axi_master_burst_strb_gen(c_add...]
Compiling architecture implementation of entity axi_master_burst_v2_0_7.axi_master_burst_pcc [\axi_master_burst_pcc(c_dre_alig...]
Compiling architecture implementation of entity axi_master_burst_v2_0_7.axi_master_burst_addr_cntl [\axi_master_burst_addr_cntl(c_ad...]
Compiling architecture implementation of entity axi_master_burst_v2_0_7.axi_master_burst_rdmux [\axi_master_burst_rdmux(c_sel_ad...]
Compiling architecture implementation of entity axi_master_burst_v2_0_7.axi_master_burst_rddata_cntl [\axi_master_burst_rddata_cntl(c_...]
Compiling architecture implementation of entity axi_master_burst_v2_0_7.axi_master_burst_rd_status_cntl [axi_master_burst_rd_status_cntl_...]
Compiling architecture implementation of entity axi_master_burst_v2_0_7.axi_master_burst_skid_buf [axi_master_burst_skid_buf_defaul...]
Compiling architecture implementation of entity axi_master_burst_v2_0_7.axi_master_burst_wrdata_cntl [\axi_master_burst_wrdata_cntl(c_...]
Compiling architecture behavioral of entity lib_srl_fifo_v1_0_2.dynshreg_f [\dynshreg_f(c_depth=3,c_dwidth=7...]
Compiling architecture imp of entity lib_srl_fifo_v1_0_2.srl_fifo_rbu_f [\srl_fifo_rbu_f(c_dwidth=7,c_dep...]
Compiling architecture imp of entity lib_srl_fifo_v1_0_2.srl_fifo_f [\srl_fifo_f(c_dwidth=7,c_depth=3...]
Compiling architecture imp of entity axi_master_burst_v2_0_7.axi_master_burst_fifo [\axi_master_burst_fifo(c_dwidth=...]
Compiling architecture imp of entity lib_srl_fifo_v1_0_2.cntr_incr_decr_addn_f [\cntr_incr_decr_addn_f(c_size=3,...]
Compiling architecture behavioral of entity lib_srl_fifo_v1_0_2.dynshreg_f [\dynshreg_f(c_depth=3,c_dwidth=2...]
Compiling architecture imp of entity lib_srl_fifo_v1_0_2.srl_fifo_rbu_f [\srl_fifo_rbu_f(c_dwidth=2,c_dep...]
Compiling architecture imp of entity lib_srl_fifo_v1_0_2.srl_fifo_f [\srl_fifo_f(c_dwidth=2,c_depth=3...]
Compiling architecture imp of entity axi_master_burst_v2_0_7.axi_master_burst_fifo [\axi_master_burst_fifo(c_dwidth=...]
Compiling architecture implementation of entity axi_master_burst_v2_0_7.axi_master_burst_wr_status_cntl [\axi_master_burst_wr_status_cntl...]
Compiling architecture implementation of entity axi_master_burst_v2_0_7.axi_master_burst_wr_demux [\axi_master_burst_wr_demux(c_sel...]
Compiling architecture implementation of entity axi_master_burst_v2_0_7.axi_master_burst_skid2mm_buf [\axi_master_burst_skid2mm_buf(c_...]
Compiling architecture implementation of entity axi_master_burst_v2_0_7.axi_master_burst_rd_wr_cntlr [\axi_master_burst_rd_wr_cntlr(c_...]
Compiling architecture implementation of entity axi_master_burst_v2_0_7.axi_master_burst_rd_llink [axi_master_burst_rd_llink_defaul...]
Compiling architecture implementation of entity axi_master_burst_v2_0_7.axi_master_burst_wr_llink [axi_master_burst_wr_llink_defaul...]
Compiling architecture implementation of entity axi_master_burst_v2_0_7.axi_master_burst [\axi_master_burst(c_family="zynq...]
Compiling architecture simulation of entity xil_defaultlib.hs_fifo [\hs_fifo(ram_depth=101,c_family=...]
Compiling architecture behaviour of entity xil_defaultlib.static_delay_100 [static_delay_100_default]
Compiling architecture behavioral of entity xil_defaultlib.input_interface [input_interface_default]
Compiling architecture behavioral of entity xil_defaultlib.output_interface [output_interface_default]
Compiling architecture behavioral of entity xil_defaultlib.hs_merger_one [\hs_merger_one(bit_width=24)\]
Compiling architecture behavioral of entity xil_defaultlib.countdown [\countdown(operator_lifespan=1)\]
Compiling architecture behavioral of entity xil_defaultlib.store_send [\store_send(data_bit_width=34)\]
Compiling architecture arch of entity xil_defaultlib.Fix2FP_0_23_S_8_23_F250_uid2_LZOCS [fix2fp_0_23_s_8_23_f250_uid2_lzo...]
Compiling architecture arch of entity xil_defaultlib.Fix2FP_0_23_S_8_23_F250_uid2exponentConversion [fix2fp_0_23_s_8_23_f250_uid2expo...]
Compiling architecture arch of entity xil_defaultlib.Fix2FP_0_23_S_8_23_F250_uid2exponentFinal [fix2fp_0_23_s_8_23_f250_uid2expo...]
Compiling architecture arch of entity xil_defaultlib.Fix2FP_0_23_S_8_23_F250_uid2zeroD [fix2fp_0_23_s_8_23_f250_uid2zero...]
Compiling architecture arch of entity xil_defaultlib.Fix2FP_0_23_S_8_23_F250_uid2_fractionConvert [fix2fp_0_23_s_8_23_f250_uid2_fra...]
Compiling architecture arch of entity xil_defaultlib.Fix2FP_0_23_S_8_23_F250_uid2_oneSubstracter [fix2fp_0_23_s_8_23_f250_uid2_one...]
Compiling architecture arch of entity xil_defaultlib.Fix2FP_0_23_S_8_23_F250_uid2roundingAdder [fix2fp_0_23_s_8_23_f250_uid2roun...]
Compiling architecture arch of entity xil_defaultlib.fix2fp_flopoco_f250 [fix2fp_flopoco_f250_default]
Compiling architecture arch of entity xil_defaultlib.DSPBlock_17x24_F250_uid9 [dspblock_17x24_f250_uid9_default]
Compiling architecture arch of entity xil_defaultlib.DSPBlock_7x24_F250_uid11 [dspblock_7x24_f250_uid11_default]
Compiling architecture arch of entity xil_defaultlib.IntAdder_32_F250_uid14 [intadder_32_f250_uid14_default]
Compiling architecture arch of entity xil_defaultlib.IntMultiplier_F250_uid5 [intmultiplier_f250_uid5_default]
Compiling architecture arch of entity xil_defaultlib.IntAdder_33_F250_uid17 [intadder_33_f250_uid17_default]
Compiling architecture arch of entity xil_defaultlib.fp_prod_flopoco_f250 [fp_prod_flopoco_f250_default]
Compiling architecture behavioral of entity xil_defaultlib.fix2fp_and_scaledown [fix2fp_and_scaledown_default]
Compiling architecture behavioral of entity xil_defaultlib.i2s_to_fpc [i2s_to_fpc_default]
Compiling architecture behavioral of entity xil_defaultlib.hs_merger_one [\hs_merger_one(bit_width=34)\]
Compiling architecture behavioral of entity xil_defaultlib.store_send [\store_send(data_bit_width=24)\]
Compiling architecture arch of entity xil_defaultlib.LeftShifter24_by_max_26_F250_uid4 [leftshifter24_by_max_26_f250_uid...]
Compiling architecture arch of entity xil_defaultlib.fp2fix_flopoco_f250 [fp2fix_flopoco_f250_default]
Compiling architecture behavioral of entity xil_defaultlib.fp2fix_and_scaleup [fp2fix_and_scaleup_default]
Compiling architecture behavioral of entity xil_defaultlib.fpc_to_i2s [fpc_to_i2s_default]
Compiling architecture structure of entity xil_defaultlib.audio_interface_wrapper [audio_interface_wrapper_default]
Compiling architecture design_1_audio_interface_wrap_0_0_arch of entity xil_defaultlib.design_1_audio_interface_wrap_0_0 [design_1_audio_interface_wrap_0_...]
Compiling module fifo_generator_v13_2_7.fifo_generator_v13_2_7_bhv_ver_s...
Compiling module fifo_generator_v13_2_7.fifo_generator_v13_2_7_bhv_ver_p...
WARNING: [VRFC 10-3705] select index 2 into 'g7s_cc_rst_nsckt.arst_sync_wr' is out of bounds [/wrk/ci/prod/2022.2/sw/continuous/3508/packages/customer/vivado/data/ip/xilinx/fifo_generator_v13_2/simulation/fifo_generator_vlog_beh.v:4830]
Compiling module fifo_generator_v13_2_7.fifo_generator_v13_2_7_CONV_VER(...
Compiling module fifo_generator_v13_2_7.fifo_generator_vlog_beh(C_COMMON...
Compiling module axi_data_fifo_v2_1_26.axi_data_fifo_v2_1_26_fifo_gen(C...
Compiling module axi_data_fifo_v2_1_26.axi_data_fifo_v2_1_26_axic_fifo(...
Compiling module axi_protocol_converter_v2_1_27.axi_protocol_converter_v2_1_27_a...
Compiling module axi_protocol_converter_v2_1_27.axi_protocol_converter_v2_1_27_w...
Compiling module axi_protocol_converter_v2_1_27.axi_protocol_converter_v2_1_27_b...
Compiling module fifo_generator_v13_2_7.fifo_generator_v13_2_7_bhv_ver_s...
Compiling module fifo_generator_v13_2_7.fifo_generator_v13_2_7_bhv_ver_p...
Compiling module fifo_generator_v13_2_7.fifo_generator_v13_2_7_CONV_VER(...
Compiling module fifo_generator_v13_2_7.fifo_generator_vlog_beh(C_COMMON...
Compiling module axi_data_fifo_v2_1_26.axi_data_fifo_v2_1_26_fifo_gen(C...
Compiling module axi_data_fifo_v2_1_26.axi_data_fifo_v2_1_26_axic_fifo(...
Compiling module axi_protocol_converter_v2_1_27.axi_protocol_converter_v2_1_27_a...
Compiling module axi_protocol_converter_v2_1_27.axi_protocol_converter_v2_1_27_r...
Compiling module axi_protocol_converter_v2_1_27.axi_protocol_converter_v2_1_27_a...
Compiling module axi_protocol_converter_v2_1_27.axi_protocol_converter_v2_1_27_a...
Compiling module xil_defaultlib.design_1_auto_pc_0
Compiling architecture structure of entity xil_defaultlib.s00_couplers_imp_O7FAN0 [s00_couplers_imp_o7fan0_default]
Compiling architecture structure of entity xil_defaultlib.design_1_axi_interconnect_0_0 [design_1_axi_interconnect_0_0_de...]
Compiling module unisims_ver.IBUF
Compiling module unisims_ver.MMCME2_ADV(CLKFBOUT_MULT_F=18.12...
Compiling module unisims_ver.BUFG
Compiling module xil_defaultlib.design_1_clk_wiz_0_0_clk_wiz
Compiling module xil_defaultlib.design_1_clk_wiz_0_0
Compiling module unisims_ver.MMCME2_ADV(CLKFBOUT_MULT_F=50.37...
Compiling module xil_defaultlib.design_1_clk_wiz_1_0_clk_wiz
Compiling module xil_defaultlib.design_1_clk_wiz_1_0
Compiling architecture fdre_v of entity unisim.FDRE [fdre_default]
Compiling architecture fdre_v of entity unisim.FDRE [\FDRE(init='1')\]
Compiling architecture fdr_v of entity unisim.FDR [fdr_default]
Compiling architecture implementation of entity lib_cdc_v1_0_2.cdc_sync [\cdc_sync(c_vector_width=2,c_mtb...]
Compiling architecture srl16e_v of entity unisim.SRL16E [\SRL16E(init="1111111111111111")...]
Compiling architecture srl16_v of entity unisim.SRL16 [\SRL16(init="1111111111111111")(...]
Compiling architecture imp of entity proc_sys_reset_v5_0_13.lpf [\lpf(c_ext_rst_width=4,c_aux_rst...]
Compiling architecture imp of entity proc_sys_reset_v5_0_13.upcnt_n [\upcnt_n(c_size=6)\]
Compiling architecture imp of entity proc_sys_reset_v5_0_13.sequence_psr [sequence_psr_default]
Compiling architecture imp of entity proc_sys_reset_v5_0_13.proc_sys_reset [\proc_sys_reset(c_family="zynq",...]
Compiling architecture design_1_proc_sys_reset_0_0_arch of entity xil_defaultlib.design_1_proc_sys_reset_0_0 [design_1_proc_sys_reset_0_0_defa...]
Compiling module processing_system7_vip_v1_0_15.processing_system7_vip_v1_0_15_g...
Compiling module processing_system7_vip_v1_0_15.processing_system7_vip_v1_0_15_g...
Compiling module processing_system7_vip_v1_0_15.processing_system7_vip_v1_0_15_a...
Compiling module processing_system7_vip_v1_0_15.processing_system7_vip_v1_0_15_a...
Compiling module processing_system7_vip_v1_0_15.processing_system7_vip_v1_0_15_f...
Compiling module processing_system7_vip_v1_0_15.processing_system7_vip_v1_0_15_a...
Compiling module processing_system7_vip_v1_0_15.processing_system7_vip_v1_0_15_a...
Compiling module processing_system7_vip_v1_0_15.processing_system7_vip_v1_0_15_a...
Compiling module processing_system7_vip_v1_0_15.processing_system7_vip_v1_0_15_a...
Compiling module processing_system7_vip_v1_0_15.processing_system7_vip_v1_0_15_s...
Compiling module processing_system7_vip_v1_0_15.processing_system7_vip_v1_0_15_i...
Compiling module processing_system7_vip_v1_0_15.processing_system7_vip_v1_0_15_s...
Compiling module processing_system7_vip_v1_0_15.processing_system7_vip_v1_0_15_d...
Compiling module processing_system7_vip_v1_0_15.processing_system7_vip_v1_0_15_o...
Compiling module processing_system7_vip_v1_0_15.processing_system7_vip_v1_0_15_o...
Compiling module processing_system7_vip_v1_0_15.processing_system7_vip_v1_0_15_r...
Compiling module processing_system7_vip_v1_0_15.processing_system7_vip_v1_0_15_r...
Compiling module xilinx_vip.axi_vip_axi4pc(WDATA_WIDTH=32,RD...
Compiling module xilinx_vip.cb
Compiling module xilinx_vip.axi_vip_if(C_AXI_PROTOCOL=1,C_AX...
Compiling module axi_vip_v1_1_13.axi_vip_v1_1_13_top(C_AXI_PROTOC...
Compiling module processing_system7_vip_v1_0_15.processing_system7_vip_v1_0_15_a...
Compiling module processing_system7_vip_v1_0_15.processing_system7_vip_v1_0_15_a...
Compiling module xilinx_vip.axi_vip_axi4pc(WDATA_WIDTH=32,RD...
Compiling module xilinx_vip.cb
Compiling module xilinx_vip.axi_vip_if(C_AXI_PROTOCOL=1,C_AX...
Compiling module axi_vip_v1_1_13.axi_vip_v1_1_13_top(C_AXI_PROTOC...
WARNING: [VRFC 10-3705] select index 64 into 'wrp_strb' is out of bounds [/wrk/ci/prod/2022.2/sw/continuous/3508/packages/customer/vivado/data/ip/xilinx/processing_system7_vip_v1_0/hdl/processing_system7_vip_v1_0_vl_rfs.sv:6134]
Compiling module processing_system7_vip_v1_0_15.processing_system7_vip_v1_0_15_a...
Compiling module processing_system7_vip_v1_0_15.processing_system7_vip_v1_0_15_a...
Compiling module processing_system7_vip_v1_0_15.processing_system7_vip_v1_0_15_i...
WARNING: [VRFC 10-3705] select index 64 into 'wrp_strb' is out of bounds [/wrk/ci/prod/2022.2/sw/continuous/3508/packages/customer/vivado/data/ip/xilinx/processing_system7_vip_v1_0/hdl/processing_system7_vip_v1_0_vl_rfs.sv:10898]
Compiling module processing_system7_vip_v1_0_15.processing_system7_vip_v1_0_15_a...
Compiling module xilinx_vip.axi_vip_axi4pc(PROTOCOL=1,RID_WI...
Compiling module xilinx_vip.cb
Compiling module xilinx_vip.axi_vip_if(C_AXI_PROTOCOL=1,C_AX...
Compiling module axi_vip_v1_1_13.axi_vip_v1_1_13_top(C_AXI_PROTOC...
Compiling module processing_system7_vip_v1_0_15.processing_system7_vip_v1_0_15_a...
Compiling module processing_system7_vip_v1_0_15.processing_system7_vip_v1_0_15_a...
Compiling module processing_system7_vip_v1_0_15.processing_system7_vip_v1_0_15_a...
Compiling module xilinx_vip.axi_vip_axi4pc(PROTOCOL=1,RID_WI...
Compiling module xilinx_vip.cb
Compiling module xilinx_vip.axi_vip_if(C_AXI_PROTOCOL=1,C_AX...
Compiling module axi_vip_v1_1_13.axi_vip_v1_1_13_top(C_AXI_PROTOC...
WARNING: [VRFC 10-3705] select index 128 into 'wrp_strb' is out of bounds [/wrk/ci/prod/2022.2/sw/continuous/3508/packages/customer/vivado/data/ip/xilinx/processing_system7_vip_v1_0/hdl/processing_system7_vip_v1_0_vl_rfs.sv:7772]
WARNING: [VRFC 10-3705] select index 4 into 'wr_fifo_rd_ptr' is out of bounds [/wrk/ci/prod/2022.2/sw/continuous/3508/packages/customer/vivado/data/ip/xilinx/processing_system7_vip_v1_0/hdl/processing_system7_vip_v1_0_vl_rfs.sv:7985]
WARNING: [VRFC 10-3705] select index 4 into 'ar_cnt' is out of bounds [/wrk/ci/prod/2022.2/sw/continuous/3508/packages/customer/vivado/data/ip/xilinx/processing_system7_vip_v1_0/hdl/processing_system7_vip_v1_0_vl_rfs.sv:8124]
WARNING: [VRFC 10-3705] select index 4 into 'wr_rresp_cnt' is out of bounds [/wrk/ci/prod/2022.2/sw/continuous/3508/packages/customer/vivado/data/ip/xilinx/processing_system7_vip_v1_0/hdl/processing_system7_vip_v1_0_vl_rfs.sv:8221]
WARNING: [VRFC 10-3705] select index 4 into 'rd_fifo_wr_ptr' is out of bounds [/wrk/ci/prod/2022.2/sw/continuous/3508/packages/customer/vivado/data/ip/xilinx/processing_system7_vip_v1_0/hdl/processing_system7_vip_v1_0_vl_rfs.sv:8240]
WARNING: [VRFC 10-3705] select index 4 into 'rd_cnt' is out of bounds [/wrk/ci/prod/2022.2/sw/continuous/3508/packages/customer/vivado/data/ip/xilinx/processing_system7_vip_v1_0/hdl/processing_system7_vip_v1_0_vl_rfs.sv:8381]
WARNING: [VRFC 10-3705] select index 4 into 'rresp_time_cnt' is out of bounds [/wrk/ci/prod/2022.2/sw/continuous/3508/packages/customer/vivado/data/ip/xilinx/processing_system7_vip_v1_0/hdl/processing_system7_vip_v1_0_vl_rfs.sv:8386]
WARNING: [VRFC 10-3705] select index 4 into 'rd_fifo_rd_ptr' is out of bounds [/wrk/ci/prod/2022.2/sw/continuous/3508/packages/customer/vivado/data/ip/xilinx/processing_system7_vip_v1_0/hdl/processing_system7_vip_v1_0_vl_rfs.sv:8391]
Compiling module processing_system7_vip_v1_0_15.processing_system7_vip_v1_0_15_a...
Compiling module processing_system7_vip_v1_0_15.processing_system7_vip_v1_0_15(C...
Compiling module xil_defaultlib.design_1_processing_system7_0_0
Compiling module xil_defaultlib.bd_f60c_g_inst_0_gigantic_mux(C_...
Compiling module xil_defaultlib.bd_f60c_g_inst_0
Compiling architecture bd_f60c_ila_lib_0_arch of entity xil_defaultlib.bd_f60c_ila_lib_0 [bd_f60c_ila_lib_0_default]
Compiling module xlconcat_v2_1_4.xlconcat_v2_1_4_xlconcat_default
Compiling module xil_defaultlib.bd_f60c_slot_0_ar_0
Compiling module xlconcat_v2_1_4.xlconcat_v2_1_4_xlconcat_default...
Compiling module xil_defaultlib.bd_f60c_slot_0_aw_0
Compiling module xlconcat_v2_1_4.xlconcat_v2_1_4_xlconcat_default...
Compiling module xil_defaultlib.bd_f60c_slot_0_b_0
Compiling module xlconcat_v2_1_4.xlconcat_v2_1_4_xlconcat(dout_wi...
Compiling module xil_defaultlib.bd_f60c_slot_0_r_0
Compiling module xil_defaultlib.bd_f60c_slot_0_w_0
Compiling package xilinx_vip.axi_vip_pkg
Compiling package xilinx_vip.xil_common_vip_pkg
Compiling package std.std
Compiling architecture structure of entity xil_defaultlib.bd_f60c [bd_f60c_default]
Compiling architecture design_1_system_ila_0_0_arch of entity xil_defaultlib.design_1_system_ila_0_0 [design_1_system_ila_0_0_default]
Compiling architecture structure of entity xil_defaultlib.design_1 [design_1_default]
Compiling architecture iobuf_v of entity unisim.IOBUF [\IOBUF(1,7)(1,4)\]
Compiling architecture structure of entity xil_defaultlib.design_1_wrapper
Built simulation snapshot design_1_wrapper_behav
