INFO: [VRFC 10-163] Analyzing VHDL file "/home/bryan/bryan_files_echo/projects/echo_128-ui-ie-flat-dd/root.srcs/sources_1/imports/new/axi_fifo_n3.vhd" into library xil_defaultlib
INFO: [VRFC 10-3107] analyzing entity 'axi_fifo_n3'
INFO: [VRFC 10-163] Analyzing VHDL file "/home/bryan/bryan_files_echo/projects/static_delay_100-ui-ie-flat-dd/root.srcs/sources_1/imports/new/axi_fifo_n3.vhd" into library xil_defaultlib
INFO: [VRFC 10-3107] analyzing entity 'axi_fifo_n3'
WARNING: [VRFC 10-3608] overwriting existing secondary unit 'behavioral' [/home/bryan/bryan_files_echo/projects/static_delay_100-ui-ie-flat-dd/root.srcs/sources_1/imports/new/axi_fifo_n3.vhd:96]
INFO: [VRFC 10-163] Analyzing VHDL file "/home/bryan/bryan_files_echo/projects/static_delay_100-ui-ie-flat-dd/root.srcs/sources_1/imports/hdl/lib_pkg_v1_0_rfs.vhd" into library lib_pkg_v1_0_2
INFO: [VRFC 10-163] Analyzing VHDL file "/home/bryan/bryan_files_echo/projects/static_delay_100-ui-ie-flat-dd/root.srcs/sources_1/imports/hdl/lib_srl_fifo_v1_0_rfs.vhd" into library lib_srl_fifo_v1_0_2
INFO: [VRFC 10-3107] analyzing entity 'cntr_incr_decr_addn_f'
INFO: [VRFC 10-3107] analyzing entity 'dynshreg_f'
INFO: [VRFC 10-3107] analyzing entity 'srl_fifo_rbu_f'
INFO: [VRFC 10-3107] analyzing entity 'srl_fifo_f'
INFO: [VRFC 10-163] Analyzing VHDL file "/home/bryan/bryan_files_echo/projects/static_delay_100-ui-ie-flat-dd/root.srcs/sources_1/imports/new/axi_master_burst_v2_0_vh_rfs.vhd" into library axi_master_burst_v2_0_7
INFO: [VRFC 10-3107] analyzing entity 'axi_master_burst_wr_demux'
INFO: [VRFC 10-3107] analyzing entity 'axi_master_burst_strb_gen'
INFO: [VRFC 10-3107] analyzing entity 'axi_master_burst_rdmux'
INFO: [VRFC 10-3107] analyzing entity 'axi_master_burst_fifo'
INFO: [VRFC 10-3107] analyzing entity 'axi_master_burst_wr_status_cntl'
INFO: [VRFC 10-3107] analyzing entity 'axi_master_burst_wrdata_cntl'
INFO: [VRFC 10-3107] analyzing entity 'axi_master_burst_stbs_set'
INFO: [VRFC 10-3107] analyzing entity 'axi_master_burst_skid_buf'
INFO: [VRFC 10-3107] analyzing entity 'axi_master_burst_skid2mm_buf'
INFO: [VRFC 10-3107] analyzing entity 'axi_master_burst_rd_status_cntl'
INFO: [VRFC 10-3107] analyzing entity 'axi_master_burst_rddata_cntl'
INFO: [VRFC 10-3107] analyzing entity 'axi_master_burst_pcc'
INFO: [VRFC 10-3107] analyzing entity 'axi_master_burst_first_stb_offset'
INFO: [VRFC 10-3107] analyzing entity 'axi_master_burst_addr_cntl'
INFO: [VRFC 10-3107] analyzing entity 'axi_master_burst_wr_llink'
INFO: [VRFC 10-3107] analyzing entity 'axi_master_burst_reset'
INFO: [VRFC 10-3107] analyzing entity 'axi_master_burst_rd_wr_cntlr'
INFO: [VRFC 10-3107] analyzing entity 'axi_master_burst_rd_llink'
INFO: [VRFC 10-3107] analyzing entity 'axi_master_burst_cmd_status'
INFO: [VRFC 10-3107] analyzing entity 'axi_master_burst'
INFO: [VRFC 10-163] Analyzing VHDL file "/home/bryan/bryan_files_echo/projects/echo_128-ui-ie-flat-dd/root.srcs/sources_1/imports/new/axi_fifo_v3.vhd" into library xil_defaultlib
INFO: [VRFC 10-3107] analyzing entity 'hs_fifo'
INFO: [VRFC 10-163] Analyzing VHDL file "/home/bryan/bryan_files_echo/vhdl/static_delay_100-ui-ie-flat-dd/components/countdown.vhdl" into library xil_defaultlib
INFO: [VRFC 10-3107] analyzing entity 'countdown'
INFO: [VRFC 10-163] Analyzing VHDL file "/home/bryan/bryan_files_echo/vhdl/static_delay_100-ui-ie-flat-dd/components/fix2fp_and_scaledown.vhdl" into library xil_defaultlib
INFO: [VRFC 10-3107] analyzing entity 'fix2fp_and_scaledown'
INFO: [VRFC 10-163] Analyzing VHDL file "/home/bryan/bryan_files_echo/vhdl/static_delay_100-ui-ie-flat-dd/components/fix2fp_flopoco_f250.vhdl" into library xil_defaultlib
INFO: [VRFC 10-3107] analyzing entity 'Fix2FP_0_23_S_8_23_F250_uid2_LZOCS'
INFO: [VRFC 10-3107] analyzing entity 'Fix2FP_0_23_S_8_23_F250_uid2exponentConversion'
INFO: [VRFC 10-3107] analyzing entity 'Fix2FP_0_23_S_8_23_F250_uid2exponentFinal'
INFO: [VRFC 10-3107] analyzing entity 'Fix2FP_0_23_S_8_23_F250_uid2zeroD'
INFO: [VRFC 10-3107] analyzing entity 'Fix2FP_0_23_S_8_23_F250_uid2_fractionConvert'
INFO: [VRFC 10-3107] analyzing entity 'Fix2FP_0_23_S_8_23_F250_uid2_oneSubstracter'
INFO: [VRFC 10-3107] analyzing entity 'Fix2FP_0_23_S_8_23_F250_uid2roundingAdder'
INFO: [VRFC 10-3107] analyzing entity 'fix2fp_flopoco_f250'
INFO: [VRFC 10-163] Analyzing VHDL file "/home/bryan/bryan_files_echo/vhdl/static_delay_100-ui-ie-flat-dd/components/fp2fix_and_scaleup.vhdl" into library xil_defaultlib
INFO: [VRFC 10-3107] analyzing entity 'fp2fix_and_scaleup'
INFO: [VRFC 10-163] Analyzing VHDL file "/home/bryan/bryan_files_echo/vhdl/static_delay_100-ui-ie-flat-dd/components/fp2fix_flopoco_f250.vhdl" into library xil_defaultlib
INFO: [VRFC 10-3107] analyzing entity 'LeftShifter24_by_max_26_F250_uid4'
INFO: [VRFC 10-3107] analyzing entity 'fp2fix_flopoco_f250'
INFO: [VRFC 10-163] Analyzing VHDL file "/home/bryan/bryan_files_echo/vhdl/static_delay_100-ui-ie-flat-dd/components/fp_prod_flopoco_f250.vhdl" into library xil_defaultlib
INFO: [VRFC 10-3107] analyzing entity 'DSPBlock_17x24_F250_uid9'
INFO: [VRFC 10-3107] analyzing entity 'DSPBlock_7x24_F250_uid11'
INFO: [VRFC 10-3107] analyzing entity 'IntAdder_32_F250_uid14'
INFO: [VRFC 10-3107] analyzing entity 'IntMultiplier_F250_uid5'
INFO: [VRFC 10-3107] analyzing entity 'IntAdder_33_F250_uid17'
INFO: [VRFC 10-3107] analyzing entity 'fp_prod_flopoco_f250'
INFO: [VRFC 10-163] Analyzing VHDL file "/home/bryan/bryan_files_echo/vhdl/static_delay_100-ui-ie-flat-dd/components/fpc_to_i2s.vhdl" into library xil_defaultlib
INFO: [VRFC 10-3107] analyzing entity 'fpc_to_i2s'
INFO: [VRFC 10-163] Analyzing VHDL file "/home/bryan/bryan_files_echo/vhdl/static_delay_100-ui-ie-flat-dd/components/hs_merger_one.vhdl" into library xil_defaultlib
INFO: [VRFC 10-3107] analyzing entity 'hs_merger_one'
INFO: [VRFC 10-163] Analyzing VHDL file "/home/bryan/bryan_files_echo/vhdl/static_delay_100-ui-ie-flat-dd/components/i2s_to_fpc.vhdl" into library xil_defaultlib
INFO: [VRFC 10-3107] analyzing entity 'i2s_to_fpc'
INFO: [VRFC 10-163] Analyzing VHDL file "/home/bryan/bryan_files_echo/vhdl/static_delay_100-ui-ie-flat-dd/components/i2s_transceiver.vhdl" into library xil_defaultlib
INFO: [VRFC 10-3107] analyzing entity 'i2s_transceiver'
INFO: [VRFC 10-163] Analyzing VHDL file "/home/bryan/bryan_files_echo/vhdl/static_delay_100-ui-ie-flat-dd/components/input_interface.vhdl" into library xil_defaultlib
INFO: [VRFC 10-3107] analyzing entity 'input_interface'
INFO: [VRFC 10-163] Analyzing VHDL file "/home/bryan/bryan_files_echo/vhdl/static_delay_100-ui-ie-flat-dd/components/output_interface.vhdl" into library xil_defaultlib
INFO: [VRFC 10-3107] analyzing entity 'output_interface'
INFO: [VRFC 10-163] Analyzing VHDL file "/home/bryan/bryan_files_echo/vhdl/static_delay_100-ui-ie-flat-dd/static_delay_100_circuit.vhd" into library xil_defaultlib
INFO: [VRFC 10-3107] analyzing entity 'static_delay_100'
INFO: [VRFC 10-163] Analyzing VHDL file "/home/bryan/bryan_files_echo/vhdl/static_delay_100-ui-ie-flat-dd/components/store_send.vhdl" into library xil_defaultlib
INFO: [VRFC 10-3107] analyzing entity 'store_send'
INFO: [VRFC 10-163] Analyzing VHDL file "/home/bryan/bryan_files_echo/vhdl/static_delay_100-ui-ie-flat-dd/static_delay_100_top.vhd" into library xil_defaultlib
INFO: [VRFC 10-3107] analyzing entity 'audio_interface_wrapper'
INFO: [VRFC 10-163] Analyzing VHDL file "/home/bryan/bryan_files_echo/projects/static_delay_100-ui-ie-flat-dd/root.ip_user_files/bd/design_1/ip/design_1_proc_sys_reset_0_0/sim/design_1_proc_sys_reset_0_0.vhd" into library xil_defaultlib
INFO: [VRFC 10-3107] analyzing entity 'design_1_proc_sys_reset_0_0'
INFO: [VRFC 10-163] Analyzing VHDL file "/home/bryan/bryan_files_echo/projects/static_delay_100-ui-ie-flat-dd/root.ip_user_files/bd/design_1/ip/design_1_system_ila_0_0/bd_0/sim/bd_f60c.vhd" into library xil_defaultlib
INFO: [VRFC 10-3107] analyzing entity 'bd_f60c'
INFO: [VRFC 10-163] Analyzing VHDL file "/home/bryan/bryan_files_echo/projects/static_delay_100-ui-ie-flat-dd/root.ip_user_files/bd/design_1/ip/design_1_system_ila_0_0/bd_0/ip/ip_0/sim/bd_f60c_ila_lib_0.vhd" into library xil_defaultlib
INFO: [VRFC 10-3107] analyzing entity 'bd_f60c_ila_lib_0'
INFO: [VRFC 10-163] Analyzing VHDL file "/home/bryan/bryan_files_echo/projects/static_delay_100-ui-ie-flat-dd/root.ip_user_files/bd/design_1/ip/design_1_system_ila_0_0/sim/design_1_system_ila_0_0.vhd" into library xil_defaultlib
INFO: [VRFC 10-3107] analyzing entity 'design_1_system_ila_0_0'
INFO: [VRFC 10-163] Analyzing VHDL file "/home/bryan/bryan_files_echo/projects/static_delay_100-ui-ie-flat-dd/root.ip_user_files/bd/design_1/ip/design_1_audio_interface_wrap_0_0/sim/design_1_audio_interface_wrap_0_0.vhd" into library xil_defaultlib
INFO: [VRFC 10-3107] analyzing entity 'design_1_audio_interface_wrap_0_0'
INFO: [VRFC 10-163] Analyzing VHDL file "/home/bryan/bryan_files_echo/projects/static_delay_100-ui-ie-flat-dd/root.ip_user_files/bd/design_1/sim/design_1.vhd" into library xil_defaultlib
INFO: [VRFC 10-3107] analyzing entity 's00_couplers_imp_O7FAN0'
INFO: [VRFC 10-3107] analyzing entity 'design_1_axi_interconnect_0_0'
INFO: [VRFC 10-3107] analyzing entity 'design_1'
INFO: [VRFC 10-163] Analyzing VHDL file "/home/bryan/bryan_files_echo/projects/static_delay_100-ui-ie-flat-dd/root.srcs/sources_1/imports/hdl/design_1_wrapper.vhd" into library xil_defaultlib
INFO: [VRFC 10-3107] analyzing entity 'design_1_wrapper'
