INFO: [VRFC 10-2263] Analyzing SystemVerilog file "/home/bryan/bryan_files_echo/projects/static_delay_100-ui-ie-flat-dd/root.srcs/sources_1/imports/new/sim_aximasterplugmodel.sv" into library xil_defaultlib
INFO: [VRFC 10-311] analyzing module sim_AXIMasterPlugModel
INFO: [VRFC 10-2263] Analyzing Verilog file "/home/bryan/bryan_files_echo/projects/static_delay_100-ui-ie-flat-dd/root.ip_user_files/bd/design_1/ip/design_1_processing_system7_0_0/sim/design_1_processing_system7_0_0.v" into library xil_defaultlib
INFO: [VRFC 10-311] analyzing module design_1_processing_system7_0_0
INFO: [VRFC 10-2263] Analyzing Verilog file "/home/bryan/bryan_files_echo/projects/static_delay_100-ui-ie-flat-dd/root.ip_user_files/bd/design_1/ip/design_1_clk_wiz_0_0/design_1_clk_wiz_0_0_clk_wiz.v" into library xil_defaultlib
INFO: [VRFC 10-311] analyzing module design_1_clk_wiz_0_0_clk_wiz
INFO: [VRFC 10-2263] Analyzing Verilog file "/home/bryan/bryan_files_echo/projects/static_delay_100-ui-ie-flat-dd/root.ip_user_files/bd/design_1/ip/design_1_clk_wiz_0_0/design_1_clk_wiz_0_0.v" into library xil_defaultlib
INFO: [VRFC 10-311] analyzing module design_1_clk_wiz_0_0
INFO: [VRFC 10-2263] Analyzing Verilog file "/home/bryan/bryan_files_echo/projects/static_delay_100-ui-ie-flat-dd/root.ip_user_files/bd/design_1/ip/design_1_clk_wiz_1_0/design_1_clk_wiz_1_0_clk_wiz.v" into library xil_defaultlib
INFO: [VRFC 10-311] analyzing module design_1_clk_wiz_1_0_clk_wiz
INFO: [VRFC 10-2263] Analyzing Verilog file "/home/bryan/bryan_files_echo/projects/static_delay_100-ui-ie-flat-dd/root.ip_user_files/bd/design_1/ip/design_1_clk_wiz_1_0/design_1_clk_wiz_1_0.v" into library xil_defaultlib
INFO: [VRFC 10-311] analyzing module design_1_clk_wiz_1_0
INFO: [VRFC 10-2263] Analyzing Verilog file "/home/bryan/bryan_files_echo/projects/static_delay_100-ui-ie-flat-dd/root.ip_user_files/bd/design_1/ip/design_1_system_ila_0_0/bd_0/ip/ip_1/bd_f60c_g_inst_0_gigantic_mux.v" into library xil_defaultlib
INFO: [VRFC 10-311] analyzing module bd_f60c_g_inst_0_gigantic_mux
INFO: [VRFC 10-2263] Analyzing Verilog file "/home/bryan/bryan_files_echo/projects/static_delay_100-ui-ie-flat-dd/root.ip_user_files/bd/design_1/ip/design_1_system_ila_0_0/bd_0/ip/ip_1/sim/bd_f60c_g_inst_0.v" into library xil_defaultlib
INFO: [VRFC 10-311] analyzing module bd_f60c_g_inst_0
INFO: [VRFC 10-2263] Analyzing Verilog file "/home/bryan/bryan_files_echo/projects/static_delay_100-ui-ie-flat-dd/root.ip_user_files/bd/design_1/ip/design_1_system_ila_0_0/bd_0/ip/ip_2/sim/bd_f60c_slot_0_aw_0.v" into library xil_defaultlib
INFO: [VRFC 10-311] analyzing module bd_f60c_slot_0_aw_0
INFO: [VRFC 10-2263] Analyzing Verilog file "/home/bryan/bryan_files_echo/projects/static_delay_100-ui-ie-flat-dd/root.ip_user_files/bd/design_1/ip/design_1_system_ila_0_0/bd_0/ip/ip_3/sim/bd_f60c_slot_0_w_0.v" into library xil_defaultlib
INFO: [VRFC 10-311] analyzing module bd_f60c_slot_0_w_0
INFO: [VRFC 10-2263] Analyzing Verilog file "/home/bryan/bryan_files_echo/projects/static_delay_100-ui-ie-flat-dd/root.ip_user_files/bd/design_1/ip/design_1_system_ila_0_0/bd_0/ip/ip_4/sim/bd_f60c_slot_0_b_0.v" into library xil_defaultlib
INFO: [VRFC 10-311] analyzing module bd_f60c_slot_0_b_0
INFO: [VRFC 10-2263] Analyzing Verilog file "/home/bryan/bryan_files_echo/projects/static_delay_100-ui-ie-flat-dd/root.ip_user_files/bd/design_1/ip/design_1_system_ila_0_0/bd_0/ip/ip_5/sim/bd_f60c_slot_0_ar_0.v" into library xil_defaultlib
INFO: [VRFC 10-311] analyzing module bd_f60c_slot_0_ar_0
INFO: [VRFC 10-2263] Analyzing Verilog file "/home/bryan/bryan_files_echo/projects/static_delay_100-ui-ie-flat-dd/root.ip_user_files/bd/design_1/ip/design_1_system_ila_0_0/bd_0/ip/ip_6/sim/bd_f60c_slot_0_r_0.v" into library xil_defaultlib
INFO: [VRFC 10-311] analyzing module bd_f60c_slot_0_r_0
INFO: [VRFC 10-2263] Analyzing Verilog file "/home/bryan/bryan_files_echo/projects/static_delay_100-ui-ie-flat-dd/root.ip_user_files/bd/design_1/ip/design_1_auto_pc_0/sim/design_1_auto_pc_0.v" into library xil_defaultlib
INFO: [VRFC 10-311] analyzing module design_1_auto_pc_0
INFO: [VRFC 10-2263] Analyzing Verilog file "/home/bryan/bryan_files_echo/projects/static_delay_100-ui-ie-flat-dd/root.sim/sim_1/behav/xsim/glbl.v" into library xil_defaultlib
INFO: [VRFC 10-311] analyzing module glbl
